<?xml version="1.0" encoding="UTF-8"?>
<!-- Generated by org.testng.reporters.JUnitReportReporter -->
<testsuite skipped="0" hostname="DESKTOP-C7IQ8IL" name="SmokeTests.DemoQATest1" tests="2" failures="0" timestamp="2021-09-06T19:21:23 CDT" time="7.375" errors="0">
  <testcase name="TC002" time="1.557" classname="SmokeTests.DemoQATest1"/>
  <system-out/>
  <testcase name="TC001" time="5.818" classname="SmokeTests.DemoQATest1"/>
  <system-out/>
</testsuite> <!-- SmokeTests.DemoQATest1 -->
