<?xml version="1.0" encoding="UTF-8"?>
<!-- Generated by org.testng.reporters.JUnitReportReporter -->
<testsuite skipped="0" hostname="DESKTOP-C7IQ8IL" name="GmailApp.GmailAPITest" tests="1" failures="0" timestamp="2021-09-22T20:15:02 CDT" time="3.331" errors="0">
  <testcase name="gmailAPITest" time="3.331" classname="GmailApp.GmailAPITest"/>
  <system-out/>
</testsuite> <!-- GmailApp.GmailAPITest -->
