<?xml version="1.0" encoding="UTF-8"?>
<!-- Generated by org.testng.reporters.JUnitReportReporter -->
<testsuite skipped="0" hostname="DESKTOP-C7IQ8IL" name="GmailApp.GmailAPITest" tests="1" failures="0" timestamp="2021-09-20T21:09:26 CDT" time="3.006" errors="0">
  <testcase name="gmailAPITest" time="3.006" classname="GmailApp.GmailAPITest"/>
  <system-out/>
</testsuite> <!-- GmailApp.GmailAPITest -->
