<?xml version="1.0" encoding="UTF-8"?>
<!-- Generated by org.testng.reporters.JUnitReportReporter -->
<testsuite skipped="0" hostname="DESKTOP-C7IQ8IL" name="SmokeTests.CucumberRunnerTest" tests="6" failures="0" timestamp="2021-09-20T21:09:26 CDT" time="2.397" errors="0">
  <testcase name="runScenario" time="0.385" classname="SmokeTests.CucumberRunnerTest"/>
  <system-out/>
  <testcase name="runScenario" time="0.419" classname="SmokeTests.CucumberRunnerTest"/>
  <system-out/>
  <testcase name="runScenario" time="0.509" classname="SmokeTests.CucumberRunnerTest"/>
  <system-out/>
  <testcase name="runScenario" time="0.156" classname="SmokeTests.CucumberRunnerTest"/>
  <system-out/>
  <testcase name="runScenario" time="0.538" classname="SmokeTests.CucumberRunnerTest"/>
  <system-out/>
  <testcase name="runScenario" time="0.390" classname="SmokeTests.CucumberRunnerTest"/>
  <system-out/>
</testsuite> <!-- SmokeTests.CucumberRunnerTest -->
